2021-02-25 08:47:41 | [INFO]    | Discordia 2.8.4
2021-02-25 08:47:41 | [INFO]    | Connecting to Discord...
2021-02-25 08:47:41 | [INFO]    | Authenticated as Disotopia#9405
2021-02-25 08:47:42 | [INFO]    | Launching shard 0 (1 out of 1)...
2021-02-25 08:47:42 | [INFO]    | Shard 0 : Connected to wss://gateway.discord.gg
2021-02-25 08:47:42 | [INFO]    | Shard 0 : Received HELLO
2021-02-25 08:47:43 | [INFO]    | Shard 0 : Received READY
2021-02-25 09:09:45 | [INFO]    | Discordia 2.8.4
2021-02-25 09:09:45 | [INFO]    | Connecting to Discord...
2021-02-25 09:09:46 | [INFO]    | Authenticated as Disotopia#9405
2021-02-25 09:09:46 | [INFO]    | Launching shard 0 (1 out of 1)...
2021-02-25 09:09:46 | [INFO]    | Shard 0 : Connected to wss://gateway.discord.gg
2021-02-25 09:09:46 | [INFO]    | Shard 0 : Received HELLO
2021-02-25 09:09:46 | [INFO]    | Shard 0 : Received READY
2021-02-25 09:12:22 | [INFO]    | Discordia 2.8.4
2021-02-25 09:12:22 | [INFO]    | Connecting to Discord...
2021-02-25 09:12:22 | [INFO]    | Authenticated as Disotopia#9405
2021-02-25 09:12:22 | [INFO]    | Launching shard 0 (1 out of 1)...
2021-02-25 09:12:23 | [INFO]    | Shard 0 : Connected to wss://gateway.discord.gg
2021-02-25 09:12:23 | [INFO]    | Shard 0 : Received HELLO
2021-02-25 09:12:23 | [INFO]    | Shard 0 : Received READY
2021-02-25 09:16:05 | [INFO]    | Discordia 2.8.4
2021-02-25 09:16:05 | [INFO]    | Connecting to Discord...
2021-02-25 09:16:05 | [INFO]    | Authenticated as Disotopia#9405
2021-02-25 09:16:05 | [INFO]    | Launching shard 0 (1 out of 1)...
2021-02-25 09:16:05 | [INFO]    | Shard 0 : Connected to wss://gateway.discord.gg
2021-02-25 09:16:05 | [INFO]    | Shard 0 : Received HELLO
2021-02-25 09:16:06 | [INFO]    | Shard 0 : Received READY
2021-02-25 09:19:53 | [INFO]    | Discordia 2.8.4
2021-02-25 09:19:53 | [INFO]    | Connecting to Discord...
2021-02-25 09:19:53 | [ERROR]   | 502 - Bad Gateway : GET https://discord.com/api/v7/users/@me
2021-02-25 09:19:53 | [ERROR]   | Could not authenticate, check token: <html>
<head><title>502 Bad Gateway</title></head>
<body>
<center><h1>502 Bad Gateway</h1></center>
<hr><center>cloudflare</center>
</body>
</html>

2021-02-25 09:22:49 | [INFO]    | Discordia 2.8.4
2021-02-25 09:22:49 | [INFO]    | Connecting to Discord...
2021-02-25 09:22:52 | [INFO]    | Authenticated as Disotopia#9405
2021-02-25 09:22:52 | [INFO]    | Launching shard 0 (1 out of 1)...
2021-02-25 09:22:55 | [INFO]    | Shard 0 : Connected to wss://gateway.discord.gg
2021-02-25 09:22:55 | [INFO]    | Shard 0 : Received HELLO
2021-02-25 09:22:55 | [INFO]    | Shard 0 : Received READY
2021-02-25 09:23:33 | [INFO]    | Discordia 2.8.4
2021-02-25 09:23:33 | [INFO]    | Connecting to Discord...
2021-02-25 09:23:36 | [INFO]    | Authenticated as Disotopia#9405
2021-02-25 09:23:36 | [INFO]    | Launching shard 0 (1 out of 1)...
2021-02-25 09:23:36 | [INFO]    | Shard 0 : Connected to wss://gateway.discord.gg
2021-02-25 09:23:36 | [INFO]    | Shard 0 : Received HELLO
2021-02-25 09:23:36 | [INFO]    | Shard 0 : Received READY
2021-02-25 09:24:09 | [INFO]    | Discordia 2.8.4
2021-02-25 09:24:09 | [INFO]    | Connecting to Discord...
2021-02-25 09:24:09 | [ERROR]   | 502 - Bad Gateway : GET https://discord.com/api/v7/users/@me
2021-02-25 09:24:09 | [ERROR]   | Could not authenticate, check token: <html>
<head><title>502 Bad Gateway</title></head>
<body>
<center><h1>502 Bad Gateway</h1></center>
<hr><center>cloudflare</center>
</body>
</html>

2021-02-25 09:24:13 | [INFO]    | Discordia 2.8.4
2021-02-25 09:24:13 | [INFO]    | Connecting to Discord...
2021-02-25 09:24:17 | [INFO]    | Authenticated as Disotopia#9405
2021-02-25 09:24:17 | [INFO]    | Launching shard 0 (1 out of 1)...
2021-02-25 09:24:20 | [INFO]    | Shard 0 : Connected to wss://gateway.discord.gg
2021-02-25 09:24:20 | [INFO]    | Shard 0 : Received HELLO
2021-02-25 09:24:20 | [INFO]    | Shard 0 : Received READY
2021-02-25 09:24:55 | [INFO]    | Discordia 2.8.4
2021-02-25 09:24:55 | [INFO]    | Connecting to Discord...
2021-02-25 09:24:55 | [INFO]    | Authenticated as Disotopia#9405
2021-02-25 09:24:55 | [INFO]    | Launching shard 0 (1 out of 1)...
2021-02-25 09:24:59 | [INFO]    | Shard 0 : Connected to wss://gateway.discord.gg
2021-02-25 09:24:59 | [INFO]    | Shard 0 : Received HELLO
2021-02-25 09:24:59 | [INFO]    | Shard 0 : Received READY
2021-02-25 09:25:12 | [INFO]    | Discordia 2.8.4
2021-02-25 09:25:12 | [INFO]    | Connecting to Discord...
2021-02-25 09:25:15 | [INFO]    | Authenticated as Disotopia#9405
2021-02-25 09:25:15 | [INFO]    | Launching shard 0 (1 out of 1)...
2021-02-25 09:25:18 | [INFO]    | Shard 0 : Connected to wss://gateway.discord.gg
2021-02-25 09:25:18 | [INFO]    | Shard 0 : Received HELLO
2021-02-25 09:25:18 | [INFO]    | Shard 0 : Received READY
2021-02-25 09:40:33 | [INFO]    | Discordia 2.8.4
2021-02-25 09:40:33 | [INFO]    | Connecting to Discord...
2021-02-25 09:40:33 | [INFO]    | Authenticated as Disotopia#9405
2021-02-25 09:40:33 | [INFO]    | Launching shard 0 (1 out of 1)...
2021-02-25 09:40:33 | [INFO]    | Shard 0 : Connected to wss://gateway.discord.gg
2021-02-25 09:40:33 | [INFO]    | Shard 0 : Received HELLO
2021-02-25 09:40:34 | [INFO]    | Shard 0 : Received READY
2021-02-25 09:40:49 | [INFO]    | Discordia 2.8.4
2021-02-25 09:40:49 | [INFO]    | Connecting to Discord...
2021-02-25 09:40:49 | [INFO]    | Authenticated as Disotopia#9405
2021-02-25 09:40:49 | [INFO]    | Launching shard 0 (1 out of 1)...
2021-02-25 09:40:49 | [INFO]    | Shard 0 : Connected to wss://gateway.discord.gg
2021-02-25 09:40:49 | [INFO]    | Shard 0 : Received HELLO
2021-02-25 09:40:50 | [INFO]    | Shard 0 : Received READY
2021-02-25 09:49:50 | [INFO]    | Discordia 2.8.4
2021-02-25 09:49:50 | [INFO]    | Connecting to Discord...
2021-02-25 09:49:50 | [INFO]    | Authenticated as Disotopia#9405
2021-02-25 09:49:51 | [INFO]    | Launching shard 0 (1 out of 1)...
2021-02-25 09:49:51 | [INFO]    | Shard 0 : Connected to wss://gateway.discord.gg
2021-02-25 09:49:51 | [INFO]    | Shard 0 : Received HELLO
2021-02-25 09:49:51 | [INFO]    | Shard 0 : Received READY
2021-02-25 13:42:54 | [INFO]    | Discordia 2.8.4
2021-02-25 13:42:54 | [INFO]    | Connecting to Discord...
2021-02-25 13:42:54 | [INFO]    | Authenticated as Disotopia#9405
2021-02-25 13:42:55 | [INFO]    | Launching shard 0 (1 out of 1)...
2021-02-25 13:42:55 | [INFO]    | Shard 0 : Connected to wss://gateway.discord.gg
2021-02-25 13:42:55 | [INFO]    | Shard 0 : Received HELLO
2021-02-25 13:42:55 | [INFO]    | Shard 0 : Received READY
2021-02-25 13:55:43 | [INFO]    | Discordia 2.8.4
2021-02-25 13:55:43 | [INFO]    | Connecting to Discord...
2021-02-25 13:55:43 | [INFO]    | Authenticated as Disotopia#9405
2021-02-25 13:55:43 | [INFO]    | Launching shard 0 (1 out of 1)...
2021-02-25 13:55:44 | [INFO]    | Shard 0 : Connected to wss://gateway.discord.gg
2021-02-25 13:55:44 | [INFO]    | Shard 0 : Received HELLO
2021-02-25 13:55:44 | [INFO]    | Shard 0 : Received READY
2021-02-25 13:57:00 | [INFO]    | Discordia 2.8.4
2021-02-25 13:57:00 | [INFO]    | Connecting to Discord...
2021-02-25 13:57:00 | [INFO]    | Authenticated as Disotopia#9405
2021-02-25 13:57:00 | [INFO]    | Launching shard 0 (1 out of 1)...
2021-02-25 13:57:01 | [INFO]    | Shard 0 : Connected to wss://gateway.discord.gg
2021-02-25 13:57:01 | [INFO]    | Shard 0 : Received HELLO
2021-02-25 13:57:01 | [INFO]    | Shard 0 : Received READY
2021-02-25 14:00:11 | [INFO]    | Discordia 2.8.4
2021-02-25 14:00:11 | [INFO]    | Connecting to Discord...
2021-02-25 14:00:11 | [INFO]    | Authenticated as Disotopia#9405
2021-02-25 14:00:11 | [INFO]    | Launching shard 0 (1 out of 1)...
2021-02-25 14:00:11 | [INFO]    | Shard 0 : Connected to wss://gateway.discord.gg
2021-02-25 14:00:11 | [INFO]    | Shard 0 : Received HELLO
2021-02-25 14:00:12 | [INFO]    | Shard 0 : Received READY
2021-02-25 14:00:39 | [INFO]    | Discordia 2.8.4
2021-02-25 14:00:39 | [INFO]    | Connecting to Discord...
2021-02-25 14:00:40 | [INFO]    | Authenticated as Disotopia#9405
2021-02-25 14:00:40 | [INFO]    | Launching shard 0 (1 out of 1)...
2021-02-25 14:00:40 | [INFO]    | Shard 0 : Connected to wss://gateway.discord.gg
2021-02-25 14:00:40 | [INFO]    | Shard 0 : Received HELLO
2021-02-25 14:00:41 | [INFO]    | Shard 0 : Received READY
2021-02-25 14:01:02 | [INFO]    | Discordia 2.8.4
2021-02-25 14:01:02 | [INFO]    | Connecting to Discord...
2021-02-25 14:01:02 | [INFO]    | Authenticated as Disotopia#9405
2021-02-25 14:01:02 | [INFO]    | Launching shard 0 (1 out of 1)...
2021-02-25 14:01:03 | [INFO]    | Shard 0 : Connected to wss://gateway.discord.gg
2021-02-25 14:01:03 | [INFO]    | Shard 0 : Received HELLO
2021-02-25 14:01:04 | [INFO]    | Shard 0 : Received READY
2021-02-25 14:02:09 | [INFO]    | Discordia 2.8.4
2021-02-25 14:02:09 | [INFO]    | Connecting to Discord...
2021-02-25 14:02:10 | [INFO]    | Authenticated as Disotopia#9405
2021-02-25 14:02:10 | [INFO]    | Launching shard 0 (1 out of 1)...
2021-02-25 14:02:12 | [INFO]    | Shard 0 : Connected to wss://gateway.discord.gg
2021-02-25 14:02:12 | [INFO]    | Shard 0 : Received HELLO
2021-02-25 14:02:12 | [INFO]    | Shard 0 : Received READY
2021-02-25 14:03:52 | [INFO]    | Discordia 2.8.4
2021-02-25 14:03:52 | [INFO]    | Connecting to Discord...
2021-02-25 14:03:53 | [INFO]    | Authenticated as Disotopia#9405
2021-02-25 14:03:53 | [INFO]    | Launching shard 0 (1 out of 1)...
2021-02-25 14:03:53 | [INFO]    | Shard 0 : Connected to wss://gateway.discord.gg
2021-02-25 14:03:53 | [INFO]    | Shard 0 : Received HELLO
2021-02-25 14:03:54 | [INFO]    | Shard 0 : Received READY
2021-02-25 18:25:40 | [INFO]    | Discordia 2.8.4
2021-02-25 18:25:40 | [INFO]    | Connecting to Discord...
2021-02-25 18:25:40 | [INFO]    | Authenticated as Disotopia#9405
2021-02-25 18:25:40 | [INFO]    | Launching shard 0 (1 out of 1)...
2021-02-25 18:25:41 | [INFO]    | Shard 0 : Connected to wss://gateway.discord.gg
2021-02-25 18:25:41 | [INFO]    | Shard 0 : Received HELLO
2021-02-25 18:25:41 | [INFO]    | Shard 0 : Received READY
2021-02-25 18:27:48 | [INFO]    | Discordia 2.8.4
2021-02-25 18:27:48 | [INFO]    | Connecting to Discord...
2021-02-25 18:27:49 | [INFO]    | Authenticated as Disotopia#9405
2021-02-25 18:27:49 | [INFO]    | Launching shard 0 (1 out of 1)...
2021-02-25 18:27:49 | [INFO]    | Shard 0 : Connected to wss://gateway.discord.gg
2021-02-25 18:27:49 | [INFO]    | Shard 0 : Received HELLO
2021-02-25 18:27:49 | [INFO]    | Shard 0 : Received READY
2021-02-25 18:28:19 | [INFO]    | Discordia 2.8.4
2021-02-25 18:28:19 | [INFO]    | Connecting to Discord...
2021-02-25 18:28:19 | [INFO]    | Authenticated as Disotopia#9405
2021-02-25 18:28:19 | [INFO]    | Launching shard 0 (1 out of 1)...
2021-02-25 18:28:20 | [INFO]    | Shard 0 : Connected to wss://gateway.discord.gg
2021-02-25 18:28:20 | [INFO]    | Shard 0 : Received HELLO
2021-02-25 18:28:20 | [INFO]    | Shard 0 : Received READY
2021-02-25 18:28:46 | [INFO]    | Discordia 2.8.4
2021-02-25 18:28:46 | [INFO]    | Connecting to Discord...
2021-02-25 18:28:46 | [INFO]    | Authenticated as Disotopia#9405
2021-02-25 18:28:46 | [INFO]    | Launching shard 0 (1 out of 1)...
2021-02-25 18:28:46 | [INFO]    | Shard 0 : Connected to wss://gateway.discord.gg
2021-02-25 18:28:46 | [INFO]    | Shard 0 : Received HELLO
2021-02-25 18:28:47 | [INFO]    | Shard 0 : Received READY
2021-02-25 18:29:10 | [INFO]    | Discordia 2.8.4
2021-02-25 18:29:10 | [INFO]    | Connecting to Discord...
2021-02-25 18:29:10 | [INFO]    | Authenticated as Disotopia#9405
2021-02-25 18:29:10 | [INFO]    | Launching shard 0 (1 out of 1)...
2021-02-25 18:29:11 | [INFO]    | Shard 0 : Connected to wss://gateway.discord.gg
2021-02-25 18:29:11 | [INFO]    | Shard 0 : Received HELLO
2021-02-25 18:29:11 | [INFO]    | Shard 0 : Received READY
2021-02-25 18:29:53 | [INFO]    | Discordia 2.8.4
2021-02-25 18:29:53 | [INFO]    | Connecting to Discord...
2021-02-25 18:29:54 | [INFO]    | Authenticated as Disotopia#9405
2021-02-25 18:29:54 | [INFO]    | Launching shard 0 (1 out of 1)...
2021-02-25 18:29:54 | [INFO]    | Shard 0 : Connected to wss://gateway.discord.gg
2021-02-25 18:29:54 | [INFO]    | Shard 0 : Received HELLO
2021-02-25 18:29:55 | [INFO]    | Shard 0 : Received READY
2021-02-25 18:31:37 | [INFO]    | Discordia 2.8.4
2021-02-25 18:31:37 | [INFO]    | Connecting to Discord...
2021-02-25 18:31:37 | [INFO]    | Authenticated as Disotopia#9405
2021-02-25 18:31:37 | [INFO]    | Launching shard 0 (1 out of 1)...
2021-02-25 18:31:37 | [INFO]    | Shard 0 : Connected to wss://gateway.discord.gg
2021-02-25 18:31:37 | [INFO]    | Shard 0 : Received HELLO
2021-02-25 18:31:38 | [INFO]    | Shard 0 : Received READY
2021-02-25 18:32:49 | [INFO]    | Discordia 2.8.4
2021-02-25 18:32:49 | [INFO]    | Connecting to Discord...
2021-02-25 18:32:50 | [INFO]    | Authenticated as Disotopia#9405
2021-02-25 18:32:50 | [INFO]    | Launching shard 0 (1 out of 1)...
2021-02-25 18:32:50 | [INFO]    | Shard 0 : Connected to wss://gateway.discord.gg
2021-02-25 18:32:50 | [INFO]    | Shard 0 : Received HELLO
2021-02-25 18:32:50 | [INFO]    | Shard 0 : Received READY
2021-02-25 18:33:19 | [INFO]    | Discordia 2.8.4
2021-02-25 18:33:19 | [INFO]    | Connecting to Discord...
2021-02-25 18:33:19 | [INFO]    | Authenticated as Disotopia#9405
2021-02-25 18:33:19 | [INFO]    | Launching shard 0 (1 out of 1)...
2021-02-25 18:33:20 | [INFO]    | Shard 0 : Connected to wss://gateway.discord.gg
2021-02-25 18:33:20 | [INFO]    | Shard 0 : Received HELLO
2021-02-25 18:33:20 | [INFO]    | Shard 0 : Received READY
2021-02-25 18:34:35 | [INFO]    | Discordia 2.8.4
2021-02-25 18:34:35 | [INFO]    | Connecting to Discord...
2021-02-25 18:34:35 | [INFO]    | Authenticated as Disotopia#9405
2021-02-25 18:34:35 | [INFO]    | Launching shard 0 (1 out of 1)...
2021-02-25 18:34:35 | [INFO]    | Shard 0 : Connected to wss://gateway.discord.gg
2021-02-25 18:34:35 | [INFO]    | Shard 0 : Received HELLO
2021-02-25 18:34:36 | [INFO]    | Shard 0 : Received READY
2021-02-25 18:34:53 | [INFO]    | Discordia 2.8.4
2021-02-25 18:34:53 | [INFO]    | Connecting to Discord...
2021-02-25 18:34:53 | [INFO]    | Authenticated as Disotopia#9405
2021-02-25 18:34:53 | [INFO]    | Launching shard 0 (1 out of 1)...
2021-02-25 18:34:54 | [INFO]    | Shard 0 : Connected to wss://gateway.discord.gg
2021-02-25 18:34:54 | [INFO]    | Shard 0 : Received HELLO
2021-02-25 18:34:54 | [INFO]    | Shard 0 : Received READY
2021-02-25 18:35:30 | [INFO]    | Discordia 2.8.4
2021-02-25 18:35:30 | [INFO]    | Connecting to Discord...
2021-02-25 18:35:30 | [INFO]    | Authenticated as Disotopia#9405
2021-02-25 18:35:30 | [INFO]    | Launching shard 0 (1 out of 1)...
2021-02-25 18:35:31 | [INFO]    | Shard 0 : Connected to wss://gateway.discord.gg
2021-02-25 18:35:31 | [INFO]    | Shard 0 : Received HELLO
2021-02-25 18:35:31 | [INFO]    | Shard 0 : Received READY
2021-02-25 18:36:40 | [INFO]    | Discordia 2.8.4
2021-02-25 18:36:40 | [INFO]    | Connecting to Discord...
2021-02-25 18:36:40 | [INFO]    | Authenticated as Disotopia#9405
2021-02-25 18:36:40 | [INFO]    | Launching shard 0 (1 out of 1)...
2021-02-25 18:36:40 | [INFO]    | Shard 0 : Connected to wss://gateway.discord.gg
2021-02-25 18:36:40 | [INFO]    | Shard 0 : Received HELLO
2021-02-25 18:36:41 | [INFO]    | Shard 0 : Received READY
2021-02-25 18:36:45 | [ERROR]   | 400 - Bad Request : POST https://discord.com/api/v7/channels/705872557244678185/messages
2021-02-25 18:39:42 | [INFO]    | Discordia 2.8.4
2021-02-25 18:39:42 | [INFO]    | Connecting to Discord...
2021-02-25 18:39:43 | [INFO]    | Authenticated as Disotopia#9405
2021-02-25 18:39:43 | [INFO]    | Launching shard 0 (1 out of 1)...
2021-02-25 18:39:43 | [INFO]    | Shard 0 : Connected to wss://gateway.discord.gg
2021-02-25 18:39:43 | [INFO]    | Shard 0 : Received HELLO
2021-02-25 18:39:43 | [INFO]    | Shard 0 : Received READY
2021-02-25 18:40:25 | [INFO]    | Discordia 2.8.4
2021-02-25 18:40:25 | [INFO]    | Connecting to Discord...
2021-02-25 18:40:25 | [INFO]    | Authenticated as Disotopia#9405
2021-02-25 18:40:25 | [INFO]    | Launching shard 0 (1 out of 1)...
2021-02-25 18:40:26 | [INFO]    | Shard 0 : Connected to wss://gateway.discord.gg
2021-02-25 18:40:26 | [INFO]    | Shard 0 : Received HELLO
2021-02-25 18:40:26 | [INFO]    | Shard 0 : Received READY
2021-02-25 18:41:33 | [INFO]    | Discordia 2.8.4
2021-02-25 18:41:33 | [INFO]    | Connecting to Discord...
2021-02-25 18:41:34 | [INFO]    | Authenticated as Disotopia#9405
2021-02-25 18:41:34 | [INFO]    | Launching shard 0 (1 out of 1)...
2021-02-25 18:41:34 | [INFO]    | Shard 0 : Connected to wss://gateway.discord.gg
2021-02-25 18:41:34 | [INFO]    | Shard 0 : Received HELLO
2021-02-25 18:41:34 | [INFO]    | Shard 0 : Received READY
2021-02-25 18:43:27 | [INFO]    | Discordia 2.8.4
2021-02-25 18:43:27 | [INFO]    | Connecting to Discord...
2021-02-25 18:43:27 | [INFO]    | Authenticated as Disotopia#9405
2021-02-25 18:43:27 | [INFO]    | Launching shard 0 (1 out of 1)...
2021-02-25 18:43:27 | [INFO]    | Shard 0 : Connected to wss://gateway.discord.gg
2021-02-25 18:43:27 | [INFO]    | Shard 0 : Received HELLO
2021-02-25 18:43:28 | [INFO]    | Shard 0 : Received READY
2021-02-25 19:04:17 | [INFO]    | Discordia 2.8.4
2021-02-25 19:04:17 | [INFO]    | Connecting to Discord...
2021-02-25 19:04:18 | [INFO]    | Authenticated as Disotopia#9405
2021-02-25 19:04:18 | [INFO]    | Launching shard 0 (1 out of 1)...
2021-02-25 19:04:18 | [INFO]    | Shard 0 : Connected to wss://gateway.discord.gg
2021-02-25 19:04:18 | [INFO]    | Shard 0 : Received HELLO
2021-02-25 19:04:19 | [INFO]    | Shard 0 : Received READY
2021-02-25 19:14:05 | [WARNING] | Shard 0 : 4003 - Not authenticated.
2021-02-25 19:14:05 | [INFO]    | Shard 0 : Disconnected
2021-02-25 19:14:05 | [INFO]    | Shard 0 : Reconnecting after 900 ms...
2021-02-25 19:14:07 | [INFO]    | Shard 0 : Connected to wss://gateway.discord.gg
2021-02-25 19:14:07 | [INFO]    | Shard 0 : Received HELLO
2021-02-25 19:14:07 | [INFO]    | Shard 0 : Session invalidated, re-identifying...
2021-02-25 19:14:10 | [WARNING] | Shard 0 : 4004 - Authentication failed.
2021-02-25 19:14:10 | [INFO]    | Shard 0 : Disconnected
2021-02-25 19:14:10 | [INFO]    | Shard 0 : Reconnecting after 1891 ms...
2021-02-25 19:14:13 | [INFO]    | Shard 0 : Connected to wss://gateway.discord.gg
2021-02-25 19:14:13 | [INFO]    | Shard 0 : Received HELLO
2021-02-25 19:14:18 | [WARNING] | Shard 0 : 4004 - Authentication failed.
2021-02-25 19:14:18 | [INFO]    | Shard 0 : Disconnected
2021-02-25 19:14:18 | [INFO]    | Shard 0 : Reconnecting after 3988 ms...
2021-02-25 19:14:22 | [INFO]    | Shard 0 : Connected to wss://gateway.discord.gg
2021-02-25 19:14:22 | [INFO]    | Shard 0 : Received HELLO
2021-02-25 19:14:25 | [WARNING] | Shard 0 : 4004 - Authentication failed.
2021-02-25 19:14:25 | [INFO]    | Shard 0 : Disconnected
2021-02-25 19:14:25 | [INFO]    | Shard 0 : Reconnecting after 8754 ms...
2021-02-25 19:14:34 | [INFO]    | Shard 0 : Connected to wss://gateway.discord.gg
2021-02-25 19:14:34 | [INFO]    | Shard 0 : Received HELLO
2021-02-25 19:14:35 | [WARNING] | Shard 0 : 4004 - Authentication failed.
2021-02-25 19:14:35 | [INFO]    | Shard 0 : Disconnected
2021-02-25 19:14:35 | [INFO]    | Shard 0 : Reconnecting after 15500 ms...
2021-02-25 19:14:50 | [INFO]    | Shard 0 : Connected to wss://gateway.discord.gg
2021-02-25 19:14:50 | [INFO]    | Shard 0 : Received HELLO
2021-02-25 19:14:51 | [WARNING] | Shard 0 : 4004 - Authentication failed.
2021-02-25 19:14:51 | [INFO]    | Shard 0 : Disconnected
2021-02-25 19:14:51 | [INFO]    | Shard 0 : Reconnecting after 34521 ms...
2021-02-25 19:15:25 | [INFO]    | Shard 0 : Connected to wss://gateway.discord.gg
2021-02-25 19:15:25 | [INFO]    | Shard 0 : Received HELLO
2021-02-25 19:15:26 | [WARNING] | Shard 0 : 4004 - Authentication failed.
2021-02-25 19:15:26 | [INFO]    | Shard 0 : Disconnected
2021-02-25 19:15:26 | [INFO]    | Shard 0 : Reconnecting after 61928 ms...
2021-02-25 19:16:28 | [INFO]    | Shard 0 : Connected to wss://gateway.discord.gg
2021-02-25 19:16:28 | [INFO]    | Shard 0 : Received HELLO
2021-02-25 19:16:28 | [WARNING] | Shard 0 : 4004 - Authentication failed.
2021-02-25 19:16:28 | [INFO]    | Shard 0 : Disconnected
2021-02-25 19:16:28 | [INFO]    | Shard 0 : Reconnecting after 54175 ms...
2021-02-25 19:17:23 | [INFO]    | Shard 0 : Connected to wss://gateway.discord.gg
2021-02-25 19:17:23 | [INFO]    | Shard 0 : Received HELLO
2021-02-25 19:17:23 | [WARNING] | Shard 0 : 4004 - Authentication failed.
2021-02-25 19:17:23 | [INFO]    | Shard 0 : Disconnected
2021-02-25 19:17:23 | [INFO]    | Shard 0 : Reconnecting after 64857 ms...
2021-02-25 19:18:28 | [INFO]    | Shard 0 : Connected to wss://gateway.discord.gg
2021-02-25 19:18:28 | [INFO]    | Shard 0 : Received HELLO
2021-02-25 19:18:28 | [WARNING] | Shard 0 : 4004 - Authentication failed.
2021-02-25 19:18:28 | [INFO]    | Shard 0 : Disconnected
2021-02-25 19:18:28 | [INFO]    | Shard 0 : Reconnecting after 56300 ms...
